Using pre-set license
Built from '2020.3/staging' branch; Version is '2020.3.38f1 (8f5fde82e2dc) revision 9396190'; Using compiler version '192528614'; Build Type 'Release'
OS: 'Windows 10  (10.0.19043) 64bit Core' Language: 'ko' Physical Memory: 16257 MB
BatchMode: 1, IsHumanControllingUs: 0, StartBugReporterOnCrash: 0, Is64bit: 1, IsPro: 0

COMMAND LINE ARGUMENTS:
C:\Program Files\Unity\Hub\Editor\2020.3.38f1\Editor\Unity.exe
-adb2
-batchMode
-noUpm
-name
AssetImportWorker0
-projectPath
C:/PasswordKim/MyShootingGame/MyShootingGame
-logFile
Logs/AssetImportWorker0.log
-srvPort
14680
Successfully changed project path to: C:/PasswordKim/MyShootingGame/MyShootingGame
C:/PasswordKim/MyShootingGame/MyShootingGame
Using Asset Import Pipeline V2.
Refreshing native plugins compatible for Editor in 56.80 ms, found 2 plugins.
Preloading 0 native plugins for Editor in 0.00 ms.
Initialize engine version: 2020.3.38f1 (8f5fde82e2dc)
[Subsystems] Discovering subsystems at path C:/Program Files/Unity/Hub/Editor/2020.3.38f1/Editor/Data/Resources/UnitySubsystems
[Subsystems] Discovering subsystems at path C:/PasswordKim/MyShootingGame/MyShootingGame/Assets
GfxDevice: creating device client; threaded=0
Direct3D:
    Version:  Direct3D 11.0 [level 11.1]
    Renderer: NVIDIA GeForce GTX 1060 (ID=0x1c20)
    Vendor:   
    VRAM:     6052 MB
    Driver:   26.21.14.3165
Initialize mono
Mono path[0] = 'C:/Program Files/Unity/Hub/Editor/2020.3.38f1/Editor/Data/Managed'
Mono path[1] = 'C:/Program Files/Unity/Hub/Editor/2020.3.38f1/Editor/Data/MonoBleedingEdge/lib/mono/unityjit'
Mono config path = 'C:/Program Files/Unity/Hub/Editor/2020.3.38f1/Editor/Data/MonoBleedingEdge/etc'
Using monoOptions --debugger-agent=transport=dt_socket,embedding=1,server=y,suspend=n,address=127.0.0.1:56552
Begin MonoManager ReloadAssembly
Registering precompiled unity dll's ...
Register platform support module: C:/Program Files/Unity/Hub/Editor/2020.3.38f1/Editor/Data/PlaybackEngines/WebGLSupport/UnityEditor.WebGL.Extensions.dll
Register platform support module: C:/Program Files/Unity/Hub/Editor/2020.3.38f1/Editor/Data/PlaybackEngines/WindowsStandaloneSupport/UnityEditor.WindowsStandalone.Extensions.dll
Registered in 0.010581 seconds.
Native extension for WindowsStandalone target not found
Native extension for WebGL target not found
Refreshing native plugins compatible for Editor in 38.94 ms, found 2 plugins.
Preloading 0 native plugins for Editor in 0.00 ms.
Mono: successfully reloaded assembly
- Completed reload, in  0.795 seconds
Domain Reload Profiling:
	ReloadAssembly (795ms)
		BeginReloadAssembly (161ms)
			ExecutionOrderSort (0ms)
			DisableScriptedObjects (0ms)
			BackupInstance (0ms)
			ReleaseScriptingObjects (0ms)
			CreateAndSetChildDomain (1ms)
		EndReloadAssembly (520ms)
			LoadAssemblies (151ms)
			RebuildTransferFunctionScriptingTraits (0ms)
			SetupTypeCache (170ms)
			ReleaseScriptCaches (0ms)
			RebuildScriptCaches (34ms)
			SetupLoadedEditorAssemblies (181ms)
				LogAssemblyErrors (0ms)
				InitializePlatformSupportModulesInManaged (7ms)
				SetLoadedEditorAssemblies (0ms)
				RefreshPlugins (39ms)
				BeforeProcessingInitializeOnLoad (20ms)
				ProcessInitializeOnLoadAttributes (83ms)
				ProcessInitializeOnLoadMethodAttributes (31ms)
				AfterProcessingInitializeOnLoad (0ms)
				EditorAssembliesLoaded (0ms)
			ExecutionOrderSort2 (0ms)
			AwakeInstancesAfterBackupRestoration (0ms)
Platform modules already initialized, skipping
Registering precompiled user dll's ...
Registered in 0.009945 seconds.
Begin MonoManager ReloadAssembly
Native extension for WindowsStandalone target not found
Native extension for WebGL target not found
Refreshing native plugins compatible for Editor in 0.34 ms, found 2 plugins.
Preloading 0 native plugins for Editor in 0.00 ms.
Mono: successfully reloaded assembly
- Completed reload, in  1.275 seconds
Domain Reload Profiling:
	ReloadAssembly (1276ms)
		BeginReloadAssembly (224ms)
			ExecutionOrderSort (0ms)
			DisableScriptedObjects (5ms)
			BackupInstance (0ms)
			ReleaseScriptingObjects (0ms)
			CreateAndSetChildDomain (21ms)
		EndReloadAssembly (952ms)
			LoadAssemblies (169ms)
			RebuildTransferFunctionScriptingTraits (0ms)
			SetupTypeCache (292ms)
			ReleaseScriptCaches (0ms)
			RebuildScriptCaches (43ms)
			SetupLoadedEditorAssemblies (393ms)
				LogAssemblyErrors (0ms)
				InitializePlatformSupportModulesInManaged (7ms)
				SetLoadedEditorAssemblies (0ms)
				RefreshPlugins (0ms)
				BeforeProcessingInitializeOnLoad (120ms)
				ProcessInitializeOnLoadAttributes (221ms)
				ProcessInitializeOnLoadMethodAttributes (15ms)
				AfterProcessingInitializeOnLoad (28ms)
				EditorAssembliesLoaded (0ms)
			ExecutionOrderSort2 (0ms)
			AwakeInstancesAfterBackupRestoration (2ms)
Platform modules already initialized, skipping
========================================================================
Worker process is ready to serve import requests
Launched and connected shader compiler UnityShaderCompiler.exe after 0.08 seconds
Refreshing native plugins compatible for Editor in 0.42 ms, found 2 plugins.
Preloading 0 native plugins for Editor in 0.00 ms.
Unloading 1525 Unused Serialized files (Serialized files now loaded: 0)
System memory in use before: 73.6 MB.
System memory in use after: 73.6 MB.

Unloading 17 unused Assets to reduce memory usage. Loaded Objects now: 1965.
Total: 2.688300 ms (FindLiveObjects: 0.128100 ms CreateObjectMapping: 0.043000 ms MarkObjects: 2.435800 ms  DeleteObjects: 0.080600 ms)

AssetImportParameters requested are different than current active one (requested -> active):
  custom:framework-win-MediaFoundation: 216162199b28c13a410421893ffa2e32 -> 
  custom:video-decoder-ogg-theora: a1e56fd34408186e4bbccfd4996cb3dc -> 
  custom:container-muxer-webm: aa71ff27fc2769a1b78a27578f13a17b -> 
  custom:container-demuxer-webm: 4f35f7cbe854078d1ac9338744f61a02 -> 
  custom:container-demuxer-ogg: 62fdf1f143b41e24485cea50d1cbac27 -> 
  custom:video-encoder-webm-vp8: eb34c28f22e8b96e1ab97ce403110664 -> 
  custom:video-decoder-webm-vp8: 9c59270c3fd7afecdb556c50c9e8de78 -> 
  custom:audio-decoder-ogg-vorbis: bf7c407c2cedff20999df2af8eb42d56 -> 
  custom:audio-encoder-webm-vorbis: bf7c407c2cedff20999df2af8eb42d56 -> 
========================================================================
Received Import Request.
  path: Assets/InGameMixer.mixer
  artifactKey: Guid(3ef59ec359f3d374f908557a0f6d12ba) Importer(815301076,1909f56bfc062723c751e8b465ee728b)
Start importing Assets/InGameMixer.mixer using Guid(3ef59ec359f3d374f908557a0f6d12ba) Importer(815301076,1909f56bfc062723c751e8b465ee728b)  -> (artifact id: '80f92c53a8b625aa6d7dc35217193034') in 0.049818 seconds 
========================================================================
Received Import Request.
  Time since last request: 62.844504 seconds.
  path: Assets/InGameMixer.mixer
  artifactKey: Guid(3ef59ec359f3d374f908557a0f6d12ba) Importer(815301076,1909f56bfc062723c751e8b465ee728b)
Start importing Assets/InGameMixer.mixer using Guid(3ef59ec359f3d374f908557a0f6d12ba) Importer(815301076,1909f56bfc062723c751e8b465ee728b)  -> (artifact id: '757f6dc2af06ff35dbdd87ce5779ab86') in 0.004780 seconds 
========================================================================
Received Import Request.
  Time since last request: 10.784339 seconds.
  path: Assets/InGameMixer.mixer
  artifactKey: Guid(3ef59ec359f3d374f908557a0f6d12ba) Importer(815301076,1909f56bfc062723c751e8b465ee728b)
Start importing Assets/InGameMixer.mixer using Guid(3ef59ec359f3d374f908557a0f6d12ba) Importer(815301076,1909f56bfc062723c751e8b465ee728b)  -> (artifact id: 'd90506c4c0f43f62bd67767124d83433') in 0.005950 seconds 
========================================================================
Received Import Request.
  Time since last request: 2.913149 seconds.
  path: Assets/InGameMixer.mixer
  artifactKey: Guid(3ef59ec359f3d374f908557a0f6d12ba) Importer(815301076,1909f56bfc062723c751e8b465ee728b)
Start importing Assets/InGameMixer.mixer using Guid(3ef59ec359f3d374f908557a0f6d12ba) Importer(815301076,1909f56bfc062723c751e8b465ee728b)  -> (artifact id: '86519b722ba952ab9a913c95ab92874c') in 0.004671 seconds 
========================================================================
Received Import Request.
  Time since last request: 3.423180 seconds.
  path: Assets/InGameMixer.mixer
  artifactKey: Guid(3ef59ec359f3d374f908557a0f6d12ba) Importer(815301076,1909f56bfc062723c751e8b465ee728b)
Start importing Assets/InGameMixer.mixer using Guid(3ef59ec359f3d374f908557a0f6d12ba) Importer(815301076,1909f56bfc062723c751e8b465ee728b)  -> (artifact id: 'f352b98783ccd376f617201d04ff1bc8') in 0.007072 seconds 
========================================================================
Received Import Request.
  Time since last request: 0.779755 seconds.
  path: Assets/InGameMixer.mixer
  artifactKey: Guid(3ef59ec359f3d374f908557a0f6d12ba) Importer(815301076,1909f56bfc062723c751e8b465ee728b)
Start importing Assets/InGameMixer.mixer using Guid(3ef59ec359f3d374f908557a0f6d12ba) Importer(815301076,1909f56bfc062723c751e8b465ee728b)  -> (artifact id: '69bf9f99a55b52cf884dfd94b8f9d407') in 0.009761 seconds 
========================================================================
Received Import Request.
  Time since last request: 2.885820 seconds.
  path: Assets/InGameMixer.mixer
  artifactKey: Guid(3ef59ec359f3d374f908557a0f6d12ba) Importer(815301076,1909f56bfc062723c751e8b465ee728b)
Start importing Assets/InGameMixer.mixer using Guid(3ef59ec359f3d374f908557a0f6d12ba) Importer(815301076,1909f56bfc062723c751e8b465ee728b)  -> (artifact id: '7718bbc7405c1fd27e3f120a011109fd') in 0.005086 seconds 
========================================================================
Received Import Request.
  Time since last request: 4.049574 seconds.
  path: Assets/InGameMixer.mixer
  artifactKey: Guid(3ef59ec359f3d374f908557a0f6d12ba) Importer(815301076,1909f56bfc062723c751e8b465ee728b)
Start importing Assets/InGameMixer.mixer using Guid(3ef59ec359f3d374f908557a0f6d12ba) Importer(815301076,1909f56bfc062723c751e8b465ee728b)  -> (artifact id: '2153bdf374bd6aa71a2df7e794696047') in 0.005241 seconds 
========================================================================
Received Import Request.
  Time since last request: 4.251773 seconds.
  path: Assets/InGameMixer.mixer
  artifactKey: Guid(3ef59ec359f3d374f908557a0f6d12ba) Importer(815301076,1909f56bfc062723c751e8b465ee728b)
Start importing Assets/InGameMixer.mixer using Guid(3ef59ec359f3d374f908557a0f6d12ba) Importer(815301076,1909f56bfc062723c751e8b465ee728b)  -> (artifact id: 'dc13f611186a641703c958db636b6a8f') in 0.005241 seconds 
========================================================================
Received Import Request.
  Time since last request: 114.157847 seconds.
  path: Assets/InGameMixer.mixer
  artifactKey: Guid(3ef59ec359f3d374f908557a0f6d12ba) Importer(815301076,1909f56bfc062723c751e8b465ee728b)
Start importing Assets/InGameMixer.mixer using Guid(3ef59ec359f3d374f908557a0f6d12ba) Importer(815301076,1909f56bfc062723c751e8b465ee728b)  -> (artifact id: 'ba5633383d1cc73efd0f514c4426215c') in 0.006285 seconds 
========================================================================
Received Import Request.
  Time since last request: 19.680809 seconds.
  path: Assets/InGameMixer.mixer
  artifactKey: Guid(3ef59ec359f3d374f908557a0f6d12ba) Importer(815301076,1909f56bfc062723c751e8b465ee728b)
Start importing Assets/InGameMixer.mixer using Guid(3ef59ec359f3d374f908557a0f6d12ba) Importer(815301076,1909f56bfc062723c751e8b465ee728b)  -> (artifact id: '6dfe253cf45717b44c81ec46df222add') in 0.005885 seconds 
========================================================================
Received Import Request.
  Time since last request: 5.947112 seconds.
  path: Assets/InGameMixer.mixer
  artifactKey: Guid(3ef59ec359f3d374f908557a0f6d12ba) Importer(815301076,1909f56bfc062723c751e8b465ee728b)
Start importing Assets/InGameMixer.mixer using Guid(3ef59ec359f3d374f908557a0f6d12ba) Importer(815301076,1909f56bfc062723c751e8b465ee728b)  -> (artifact id: '8d77f596770c88c51c9119da49fb5c44') in 0.005356 seconds 
========================================================================
Received Import Request.
  Time since last request: 4.552465 seconds.
  path: Assets/InGameMixer.mixer
  artifactKey: Guid(3ef59ec359f3d374f908557a0f6d12ba) Importer(815301076,1909f56bfc062723c751e8b465ee728b)
Start importing Assets/InGameMixer.mixer using Guid(3ef59ec359f3d374f908557a0f6d12ba) Importer(815301076,1909f56bfc062723c751e8b465ee728b)  -> (artifact id: 'b3baa6c784ccf72cb3f393af1ab3b304') in 0.006033 seconds 
========================================================================
Received Import Request.
  Time since last request: 20.135619 seconds.
  path: Assets/InGameMixer.mixer
  artifactKey: Guid(3ef59ec359f3d374f908557a0f6d12ba) Importer(815301076,1909f56bfc062723c751e8b465ee728b)
Start importing Assets/InGameMixer.mixer using Guid(3ef59ec359f3d374f908557a0f6d12ba) Importer(815301076,1909f56bfc062723c751e8b465ee728b)  -> (artifact id: '526037df5a1e5dca24b25889697ca2d7') in 0.007210 seconds 
========================================================================
Received Import Request.
  Time since last request: 4.743790 seconds.
  path: Assets/InGameMixer.mixer
  artifactKey: Guid(3ef59ec359f3d374f908557a0f6d12ba) Importer(815301076,1909f56bfc062723c751e8b465ee728b)
Start importing Assets/InGameMixer.mixer using Guid(3ef59ec359f3d374f908557a0f6d12ba) Importer(815301076,1909f56bfc062723c751e8b465ee728b)  -> (artifact id: '066e6ea25f149a79945d16d437169da6') in 0.005530 seconds 
========================================================================
Received Import Request.
  Time since last request: 24.877132 seconds.
  path: Assets/InGameMixer.mixer
  artifactKey: Guid(3ef59ec359f3d374f908557a0f6d12ba) Importer(815301076,1909f56bfc062723c751e8b465ee728b)
Start importing Assets/InGameMixer.mixer using Guid(3ef59ec359f3d374f908557a0f6d12ba) Importer(815301076,1909f56bfc062723c751e8b465ee728b)  -> (artifact id: '6c51ca7b85b4a600e9b9b2053e36190c') in 0.005239 seconds 
========================================================================
Received Import Request.
  Time since last request: 472.650566 seconds.
  path: Assets/InGameMixer.mixer
  artifactKey: Guid(3ef59ec359f3d374f908557a0f6d12ba) Importer(815301076,1909f56bfc062723c751e8b465ee728b)
Start importing Assets/InGameMixer.mixer using Guid(3ef59ec359f3d374f908557a0f6d12ba) Importer(815301076,1909f56bfc062723c751e8b465ee728b)  -> (artifact id: 'aa7dfd5e285eaea067e07986e3f50b13') in 0.005705 seconds 
========================================================================
Received Import Request.
  Time since last request: 2699.420942 seconds.
  path: Assets/ShootingGame/Audios/laserShoot.wav
  artifactKey: Guid(e1002c16555133a449be262c50b6eb7c) Importer(815301076,1909f56bfc062723c751e8b465ee728b)
Start importing Assets/ShootingGame/Audios/laserShoot.wav using Guid(e1002c16555133a449be262c50b6eb7c) Importer(815301076,1909f56bfc062723c751e8b465ee728b)  -> (artifact id: '46e440dbf82abc372deed49dac9f6460') in 0.153418 seconds 
========================================================================
Received Import Request.
  Time since last request: 41.698406 seconds.
  path: Assets/ShootingGame/Audios/explosion.wav
  artifactKey: Guid(4636793930f16004c8bad0225a0fbae9) Importer(815301076,1909f56bfc062723c751e8b465ee728b)
Start importing Assets/ShootingGame/Audios/explosion.wav using Guid(4636793930f16004c8bad0225a0fbae9) Importer(815301076,1909f56bfc062723c751e8b465ee728b)  -> (artifact id: 'b713a6de0176a3557f762de2b57b704b') in 0.011421 seconds 
========================================================================
Received Prepare
Registering precompiled user dll's ...
Registered in 0.007677 seconds.
Begin MonoManager ReloadAssembly
Native extension for WindowsStandalone target not found
Native extension for WebGL target not found
Refreshing native plugins compatible for Editor in 0.48 ms, found 2 plugins.
Preloading 0 native plugins for Editor in 0.00 ms.
Mono: successfully reloaded assembly
- Completed reload, in  1.196 seconds
Domain Reload Profiling:
	ReloadAssembly (1196ms)
		BeginReloadAssembly (185ms)
			ExecutionOrderSort (0ms)
			DisableScriptedObjects (4ms)
			BackupInstance (0ms)
			ReleaseScriptingObjects (0ms)
			CreateAndSetChildDomain (35ms)
		EndReloadAssembly (914ms)
			LoadAssemblies (165ms)
			RebuildTransferFunctionScriptingTraits (0ms)
			SetupTypeCache (289ms)
			ReleaseScriptCaches (1ms)
			RebuildScriptCaches (39ms)
			SetupLoadedEditorAssemblies (366ms)
				LogAssemblyErrors (0ms)
				InitializePlatformSupportModulesInManaged (6ms)
				SetLoadedEditorAssemblies (1ms)
				RefreshPlugins (1ms)
				BeforeProcessingInitializeOnLoad (110ms)
				ProcessInitializeOnLoadAttributes (199ms)
				ProcessInitializeOnLoadMethodAttributes (18ms)
				AfterProcessingInitializeOnLoad (31ms)
				EditorAssembliesLoaded (0ms)
			ExecutionOrderSort2 (0ms)
			AwakeInstancesAfterBackupRestoration (2ms)
Platform modules already initialized, skipping
Refreshing native plugins compatible for Editor in 0.35 ms, found 2 plugins.
Preloading 0 native plugins for Editor in 0.00 ms.
Unloading 1520 Unused Serialized files (Serialized files now loaded: 0)
System memory in use before: 76.6 MB.
System memory in use after: 76.7 MB.

Unloading 12 unused Assets to reduce memory usage. Loaded Objects now: 1978.
Total: 2.521100 ms (FindLiveObjects: 0.122600 ms CreateObjectMapping: 0.088200 ms MarkObjects: 2.253200 ms  DeleteObjects: 0.055900 ms)

AssetImportParameters requested are different than current active one (requested -> active):
  custom:framework-win-MediaFoundation: 216162199b28c13a410421893ffa2e32 -> 
  custom:video-decoder-ogg-theora: a1e56fd34408186e4bbccfd4996cb3dc -> 
  custom:container-muxer-webm: aa71ff27fc2769a1b78a27578f13a17b -> 
  custom:container-demuxer-webm: 4f35f7cbe854078d1ac9338744f61a02 -> 
  custom:container-demuxer-ogg: 62fdf1f143b41e24485cea50d1cbac27 -> 
  custom:video-encoder-webm-vp8: eb34c28f22e8b96e1ab97ce403110664 -> 
  custom:video-decoder-webm-vp8: 9c59270c3fd7afecdb556c50c9e8de78 -> 
  custom:audio-decoder-ogg-vorbis: bf7c407c2cedff20999df2af8eb42d56 -> 
  custom:audio-encoder-webm-vorbis: bf7c407c2cedff20999df2af8eb42d56 -> 
========================================================================
Received Import Request.
  Time since last request: 211.465399 seconds.
  path: Assets/ShootingGame/Prefabs/Bullet.prefab
  artifactKey: Guid(10c2a100142e58c41a591763fd744946) Importer(815301076,1909f56bfc062723c751e8b465ee728b)
Start importing Assets/ShootingGame/Prefabs/Bullet.prefab using Guid(10c2a100142e58c41a591763fd744946) Importer(815301076,1909f56bfc062723c751e8b465ee728b)  -> (artifact id: '22847969cb0a0ab6df6bd5648a3295e8') in 0.075155 seconds 
========================================================================
Received Import Request.
  Time since last request: 13.950709 seconds.
  path: Assets/ShootingGame/Prefabs/Bullet.prefab
  artifactKey: Guid(10c2a100142e58c41a591763fd744946) Importer(815301076,1909f56bfc062723c751e8b465ee728b)
Start importing Assets/ShootingGame/Prefabs/Bullet.prefab using Guid(10c2a100142e58c41a591763fd744946) Importer(815301076,1909f56bfc062723c751e8b465ee728b)  -> (artifact id: '8386cc5d6507541afc00a559351614a9') in 0.015753 seconds 
========================================================================
Received Import Request.
  Time since last request: 11.645461 seconds.
  path: Assets/InGameMixer.mixer
  artifactKey: Guid(3ef59ec359f3d374f908557a0f6d12ba) Importer(815301076,1909f56bfc062723c751e8b465ee728b)
Start importing Assets/InGameMixer.mixer using Guid(3ef59ec359f3d374f908557a0f6d12ba) Importer(815301076,1909f56bfc062723c751e8b465ee728b)  -> (artifact id: 'a6f79ae9549f275a074e7dc06a2a84f6') in 0.005385 seconds 
========================================================================
Received Import Request.
  Time since last request: 3.055810 seconds.
  path: Assets/InGameMixer.mixer
  artifactKey: Guid(3ef59ec359f3d374f908557a0f6d12ba) Importer(815301076,1909f56bfc062723c751e8b465ee728b)
Start importing Assets/InGameMixer.mixer using Guid(3ef59ec359f3d374f908557a0f6d12ba) Importer(815301076,1909f56bfc062723c751e8b465ee728b)  -> (artifact id: 'ba4599212845fedc9abdf8676acf9b4c') in 0.005536 seconds 
========================================================================
Received Import Request.
  Time since last request: 47.870899 seconds.
  path: Assets/ShootingGame/Prefabs/Bullet.prefab
  artifactKey: Guid(10c2a100142e58c41a591763fd744946) Importer(815301076,1909f56bfc062723c751e8b465ee728b)
Start importing Assets/ShootingGame/Prefabs/Bullet.prefab using Guid(10c2a100142e58c41a591763fd744946) Importer(815301076,1909f56bfc062723c751e8b465ee728b)  -> (artifact id: '7aac4c0f1eb37342fbb917f887730ff9') in 0.011383 seconds 
========================================================================
Received Import Request.
  Time since last request: 27.491883 seconds.
  path: Assets/ShootingGame/Prefabs/explosionEffect.prefab
  artifactKey: Guid(c28980a5b347688419141c4942a8213f) Importer(815301076,1909f56bfc062723c751e8b465ee728b)
Start importing Assets/ShootingGame/Prefabs/explosionEffect.prefab using Guid(c28980a5b347688419141c4942a8213f) Importer(815301076,1909f56bfc062723c751e8b465ee728b)  -> (artifact id: 'f312eb1a7cfd9efb2e08fdc451e505b4') in 0.016499 seconds 
========================================================================
Received Import Request.
  Time since last request: 2.786400 seconds.
  path: Assets/ShootingGame/Prefabs/explosionEffect.prefab
  artifactKey: Guid(c28980a5b347688419141c4942a8213f) Importer(815301076,1909f56bfc062723c751e8b465ee728b)
Start importing Assets/ShootingGame/Prefabs/explosionEffect.prefab using Guid(c28980a5b347688419141c4942a8213f) Importer(815301076,1909f56bfc062723c751e8b465ee728b)  -> (artifact id: '2057a8317f369dd8ade906a8bee8bbcb') in 0.014626 seconds 
========================================================================
Received Import Request.
  Time since last request: 9.104553 seconds.
  path: Assets/ShootingGame/Prefabs/explosionEffect.prefab
  artifactKey: Guid(c28980a5b347688419141c4942a8213f) Importer(815301076,1909f56bfc062723c751e8b465ee728b)
Start importing Assets/ShootingGame/Prefabs/explosionEffect.prefab using Guid(c28980a5b347688419141c4942a8213f) Importer(815301076,1909f56bfc062723c751e8b465ee728b)  -> (artifact id: '13710296751d62f1b9bd1c1b07bf55d3') in 0.014275 seconds 
========================================================================
Received Import Request.
  Time since last request: 7.081684 seconds.
  path: Assets/ShootingGame/Prefabs/explosionEffect.prefab
  artifactKey: Guid(c28980a5b347688419141c4942a8213f) Importer(815301076,1909f56bfc062723c751e8b465ee728b)
Start importing Assets/ShootingGame/Prefabs/explosionEffect.prefab using Guid(c28980a5b347688419141c4942a8213f) Importer(815301076,1909f56bfc062723c751e8b465ee728b)  -> (artifact id: '92f1d1b0856bc70eb5996b18438354ea') in 0.014124 seconds 
========================================================================
Received Prepare
Registering precompiled user dll's ...
Registered in 0.007857 seconds.
Begin MonoManager ReloadAssembly
Native extension for WindowsStandalone target not found
Native extension for WebGL target not found
Refreshing native plugins compatible for Editor in 0.36 ms, found 2 plugins.
Preloading 0 native plugins for Editor in 0.00 ms.
Mono: successfully reloaded assembly
- Completed reload, in  1.200 seconds
Domain Reload Profiling:
	ReloadAssembly (1200ms)
		BeginReloadAssembly (190ms)
			ExecutionOrderSort (0ms)
			DisableScriptedObjects (5ms)
			BackupInstance (0ms)
			ReleaseScriptingObjects (0ms)
			CreateAndSetChildDomain (37ms)
		EndReloadAssembly (903ms)
			LoadAssemblies (171ms)
			RebuildTransferFunctionScriptingTraits (0ms)
			SetupTypeCache (280ms)
			ReleaseScriptCaches (1ms)
			RebuildScriptCaches (39ms)
			SetupLoadedEditorAssemblies (363ms)
				LogAssemblyErrors (0ms)
				InitializePlatformSupportModulesInManaged (6ms)
				SetLoadedEditorAssemblies (0ms)
				RefreshPlugins (0ms)
				BeforeProcessingInitializeOnLoad (108ms)
				ProcessInitializeOnLoadAttributes (204ms)
				ProcessInitializeOnLoadMethodAttributes (14ms)
				AfterProcessingInitializeOnLoad (30ms)
				EditorAssembliesLoaded (0ms)
			ExecutionOrderSort2 (0ms)
			AwakeInstancesAfterBackupRestoration (2ms)
Platform modules already initialized, skipping
Refreshing native plugins compatible for Editor in 0.39 ms, found 2 plugins.
Preloading 0 native plugins for Editor in 0.00 ms.
Unloading 1520 Unused Serialized files (Serialized files now loaded: 0)
System memory in use before: 76.8 MB.
System memory in use after: 76.8 MB.

Unloading 12 unused Assets to reduce memory usage. Loaded Objects now: 1983.
Total: 2.641000 ms (FindLiveObjects: 0.105000 ms CreateObjectMapping: 0.039500 ms MarkObjects: 2.438700 ms  DeleteObjects: 0.056900 ms)

AssetImportParameters requested are different than current active one (requested -> active):
  custom:framework-win-MediaFoundation: 216162199b28c13a410421893ffa2e32 -> 
  custom:video-decoder-ogg-theora: a1e56fd34408186e4bbccfd4996cb3dc -> 
  custom:container-muxer-webm: aa71ff27fc2769a1b78a27578f13a17b -> 
  custom:container-demuxer-webm: 4f35f7cbe854078d1ac9338744f61a02 -> 
  custom:container-demuxer-ogg: 62fdf1f143b41e24485cea50d1cbac27 -> 
  custom:video-encoder-webm-vp8: eb34c28f22e8b96e1ab97ce403110664 -> 
  custom:video-decoder-webm-vp8: 9c59270c3fd7afecdb556c50c9e8de78 -> 
  custom:audio-decoder-ogg-vorbis: bf7c407c2cedff20999df2af8eb42d56 -> 
  custom:audio-encoder-webm-vorbis: bf7c407c2cedff20999df2af8eb42d56 -> 
AssetImportWorkerClient::OnTransportError - code=2 error=End of file
